<?xml version="1.0" encoding="UTF-8"?>
<!-- Generated by org.testng.reporters.JUnitReportReporter -->
<testsuite skipped="0" hostname="Aaas-MacBook-Pro.local" name="com.liseInfotech.reqresTest.RequestTest" tests="15" failures="0" timestamp="2022-04-10T00:54:57 IST" time="39.027" errors="0">
  <testcase name="getListOfUsers" time="12.609" classname="com.liseInfotech.reqresTest.RequestTest"/>
  <system-out/>
  <testcase name="getSingleUser" time="2.065" classname="com.liseInfotech.reqresTest.RequestTest"/>
  <system-out/>
  <testcase name="getUnknownUserList" time="2.293" classname="com.liseInfotech.reqresTest.RequestTest"/>
  <system-out/>
  <testcase name="getSingleUnknownUser" time="1.547" classname="com.liseInfotech.reqresTest.RequestTest"/>
  <system-out/>
  <testcase name="getDelayResponse" time="3.982" classname="com.liseInfotech.reqresTest.RequestTest"/>
  <system-out/>
  <testcase name="getInvalidUser" time="0.906" classname="com.liseInfotech.reqresTest.RequestTest"/>
  <system-out/>
  <testcase name="getInvalidUnknownUser" time="1.130" classname="com.liseInfotech.reqresTest.RequestTest"/>
  <system-out/>
  <testcase name="postUser" time="2.078" classname="com.liseInfotech.reqresTest.RequestTest"/>
  <system-out/>
  <testcase name="postUserCredential" time="1.124" classname="com.liseInfotech.reqresTest.RequestTest"/>
  <system-out/>
  <testcase name="userLoginByPost" time="1.209" classname="com.liseInfotech.reqresTest.RequestTest"/>
  <system-out/>
  <testcase name="invalidUserCredentialByPost" time="0.902" classname="com.liseInfotech.reqresTest.RequestTest"/>
  <system-out/>
  <testcase name="invalidUserLoginByPost" time="2.545" classname="com.liseInfotech.reqresTest.RequestTest"/>
  <system-out/>
  <testcase name="updateUserDetailsByPut" time="1.150" classname="com.liseInfotech.reqresTest.RequestTest"/>
  <system-out/>
  <testcase name="updateUserDetailsByPatch" time="2.583" classname="com.liseInfotech.reqresTest.RequestTest"/>
  <system-out/>
  <testcase name="deleteDBObject" time="2.904" classname="com.liseInfotech.reqresTest.RequestTest"/>
  <system-out/>
</testsuite> <!-- com.liseInfotech.reqresTest.RequestTest -->
