<?xml version="1.0" encoding="UTF-8"?>
<!-- Generated by org.testng.reporters.JUnitReportReporter -->
<testsuite skipped="0" hostname="Aaas-MacBook-Pro.local" name="com.liseInfotech.reqresTest.RequestTest" tests="15" failures="0" timestamp="2022-04-11T18:50:14 IST" time="13.630" errors="0">
  <testcase name="getListOfUsers" time="2.858" classname="com.liseInfotech.reqresTest.RequestTest"/>
  <system-out/>
  <testcase name="getSingleUser" time="0.354" classname="com.liseInfotech.reqresTest.RequestTest"/>
  <system-out/>
  <testcase name="getUnknownUserList" time="0.301" classname="com.liseInfotech.reqresTest.RequestTest"/>
  <system-out/>
  <testcase name="getSingleUnknownUser" time="0.290" classname="com.liseInfotech.reqresTest.RequestTest"/>
  <system-out/>
  <testcase name="getDelayResponse" time="3.704" classname="com.liseInfotech.reqresTest.RequestTest"/>
  <system-out/>
  <testcase name="getInvalidUser" time="0.329" classname="com.liseInfotech.reqresTest.RequestTest"/>
  <system-out/>
  <testcase name="getInvalidUnknownUser" time="0.580" classname="com.liseInfotech.reqresTest.RequestTest"/>
  <system-out/>
  <testcase name="postUser" time="0.628" classname="com.liseInfotech.reqresTest.RequestTest"/>
  <system-out/>
  <testcase name="postUserCredential" time="0.909" classname="com.liseInfotech.reqresTest.RequestTest"/>
  <system-out/>
  <testcase name="userLoginByPost" time="0.616" classname="com.liseInfotech.reqresTest.RequestTest"/>
  <system-out/>
  <testcase name="invalidUserCredentialByPost" time="0.605" classname="com.liseInfotech.reqresTest.RequestTest"/>
  <system-out/>
  <testcase name="invalidUserLoginByPost" time="0.616" classname="com.liseInfotech.reqresTest.RequestTest"/>
  <system-out/>
  <testcase name="updateUserDetailsByPut" time="0.616" classname="com.liseInfotech.reqresTest.RequestTest"/>
  <system-out/>
  <testcase name="updateUserDetailsByPatch" time="0.526" classname="com.liseInfotech.reqresTest.RequestTest"/>
  <system-out/>
  <testcase name="deleteDBObject" time="0.698" classname="com.liseInfotech.reqresTest.RequestTest"/>
  <system-out/>
</testsuite> <!-- com.liseInfotech.reqresTest.RequestTest -->
